{"/Users/amirkheirabadi/Desktop/dott-test/src/app.ts": {"path":"/Users/amirkheirabadi/Desktop/dott-test/src/app.ts","statementMap":{"0":{"start":{"line":1,"column":0},"end":{"line":1,"column":43}},"1":{"start":{"line":2,"column":0},"end":{"line":2,"column":34}},"2":{"start":{"line":6,"column":31},"end":{"line":6,"column":45}},"3":{"start":{"line":8,"column":20},"end":{"line":8,"column":21}},"4":{"start":{"line":11,"column":2},"end":{"line":13,"column":null}},"5":{"start":{"line":11,"column":27},"end":{"line":11,"column":28}},"6":{"start":{"line":12,"column":4},"end":{"line":12,"column":65}},"7":{"start":{"line":4,"column":0},"end":{"line":4,"column":30}}},"fnMap":{"0":{"name":"app","decl":{"start":{"line":4,"column":30},"end":{"line":4,"column":33}},"loc":{"start":{"line":4,"column":33},"end":{"line":14,"column":null}}}},"branchMap":{},"s":{"0":1,"1":1,"2":1,"3":1,"4":1,"5":1,"6":2,"7":1},"f":{"0":1},"b":{}}
,"/Users/amirkheirabadi/Desktop/dott-test/src/const.ts": {"path":"/Users/amirkheirabadi/Desktop/dott-test/src/const.ts","statementMap":{"0":{"start":{"line":1,"column":13},"end":{"line":1,"column":40}}},"fnMap":{},"branchMap":{},"s":{"0":2},"f":{},"b":{}}
,"/Users/amirkheirabadi/Desktop/dott-test/src/libs/input.ts": {"path":"/Users/amirkheirabadi/Desktop/dott-test/src/libs/input.ts","statementMap":{"0":{"start":{"line":1,"column":0},"end":{"line":1,"column":32}},"1":{"start":{"line":8,"column":31},"end":{"line":8,"column":33}},"2":{"start":{"line":10,"column":13},"end":{"line":13,"column":4}},"3":{"start":{"line":14,"column":28},"end":{"line":14,"column":29}},"4":{"start":{"line":16,"column":2},"end":{"line":16,"column":64}},"5":{"start":{"line":17,"column":2},"end":{"line":30,"column":null}},"6":{"start":{"line":17,"column":27},"end":{"line":17,"column":null}},"7":{"start":{"line":17,"column":23},"end":{"line":17,"column":27}},"8":{"start":{"line":18,"column":4},"end":{"line":18,"column":56}},"9":{"start":{"line":18,"column":28},"end":{"line":18,"column":56}},"10":{"start":{"line":20,"column":4},"end":{"line":20,"column":26}},"11":{"start":{"line":23,"column":4},"end":{"line":29,"column":null}},"12":{"start":{"line":24,"column":6},"end":{"line":28,"column":null}},"13":{"start":{"line":25,"column":8},"end":{"line":25,"column":33}},"14":{"start":{"line":27,"column":8},"end":{"line":27,"column":14}},"15":{"start":{"line":32,"column":2},"end":{"line":32,"column":20}},"16":{"start":{"line":7,"column":0},"end":{"line":7,"column":30}}},"fnMap":{"0":{"name":"prompt","decl":{"start":{"line":7,"column":30},"end":{"line":7,"column":36}},"loc":{"start":{"line":7,"column":36},"end":{"line":33,"column":null}}}},"branchMap":{"0":{"loc":{"start":{"line":18,"column":4},"end":{"line":18,"column":56}},"type":"if","locations":[{"start":{"line":18,"column":4},"end":{"line":18,"column":56}}]},"1":{"loc":{"start":{"line":23,"column":4},"end":{"line":29,"column":null}},"type":"if","locations":[{"start":{"line":23,"column":4},"end":{"line":29,"column":null}}]},"2":{"loc":{"start":{"line":23,"column":8},"end":{"line":23,"column":28}},"type":"binary-expr","locations":[{"start":{"line":23,"column":8},"end":{"line":23,"column":13}},{"start":{"line":23,"column":17},"end":{"line":23,"column":28}}]},"3":{"loc":{"start":{"line":24,"column":6},"end":{"line":28,"column":null}},"type":"if","locations":[{"start":{"line":24,"column":6},"end":{"line":28,"column":null}},{"start":{"line":26,"column":13},"end":{"line":28,"column":null}}]}},"s":{"0":2,"1":1,"2":1,"3":1,"4":1,"5":1,"6":1,"7":13,"8":13,"9":1,"10":13,"11":13,"12":2,"13":1,"14":1,"15":1,"16":2},"f":{"0":1},"b":{"0":[1],"1":[2],"2":[13,11],"3":[1,1]}}
,"/Users/amirkheirabadi/Desktop/dott-test/src/libs/matrix.ts": {"path":"/Users/amirkheirabadi/Desktop/dott-test/src/libs/matrix.ts","statementMap":{"0":{"start":{"line":1,"column":0},"end":{"line":1,"column":48}},"1":{"start":{"line":11,"column":2},"end":{"line":11,"column":58}},"2":{"start":{"line":12,"column":2},"end":{"line":12,"column":58}},"3":{"start":{"line":13,"column":17},"end":{"line":13,"column":18}},"4":{"start":{"line":14,"column":13},"end":{"line":14,"column":15}},"5":{"start":{"line":15,"column":2},"end":{"line":23,"column":null}},"6":{"start":{"line":15,"column":19},"end":{"line":15,"column":20}},"7":{"start":{"line":16,"column":4},"end":{"line":16,"column":32}},"8":{"start":{"line":17,"column":4},"end":{"line":20,"column":null}},"9":{"start":{"line":18,"column":6},"end":{"line":18,"column":24}},"10":{"start":{"line":19,"column":6},"end":{"line":19,"column":16}},"11":{"start":{"line":22,"column":4},"end":{"line":22,"column":18}},"12":{"start":{"line":10,"column":0},"end":{"line":10,"column":16}},"13":{"start":{"line":32,"column":28},"end":{"line":33,"column":null}},"14":{"start":{"line":33,"column":10},"end":{"line":33,"column":12}},"15":{"start":{"line":35,"column":14},"end":{"line":35,"column":15}},"16":{"start":{"line":36,"column":2},"end":{"line":55,"column":null}},"17":{"start":{"line":36,"column":22},"end":{"line":36,"column":23}},"18":{"start":{"line":37,"column":4},"end":{"line":54,"column":null}},"19":{"start":{"line":37,"column":24},"end":{"line":37,"column":25}},"20":{"start":{"line":38,"column":6},"end":{"line":51,"column":null}},"21":{"start":{"line":39,"column":8},"end":{"line":42,"column":null}},"22":{"start":{"line":40,"column":10},"end":{"line":40,"column":39}},"23":{"start":{"line":41,"column":10},"end":{"line":41,"column":39}},"24":{"start":{"line":43,"column":13},"end":{"line":51,"column":null}},"25":{"start":{"line":44,"column":8},"end":{"line":44,"column":39}},"26":{"start":{"line":45,"column":8},"end":{"line":45,"column":39}},"27":{"start":{"line":47,"column":8},"end":{"line":47,"column":37}},"28":{"start":{"line":48,"column":8},"end":{"line":48,"column":37}},"29":{"start":{"line":49,"column":8},"end":{"line":49,"column":39}},"30":{"start":{"line":50,"column":8},"end":{"line":50,"column":39}},"31":{"start":{"line":53,"column":6},"end":{"line":53,"column":17}},"32":{"start":{"line":57,"column":2},"end":{"line":57,"column":15}},"33":{"start":{"line":31,"column":0},"end":{"line":31,"column":16}},"34":{"start":{"line":73,"column":2},"end":{"line":82,"column":null}},"35":{"start":{"line":74,"column":17},"end":{"line":74,"column":30}},"36":{"start":{"line":75,"column":4},"end":{"line":81,"column":7}},"37":{"start":{"line":76,"column":6},"end":{"line":80,"column":null}},"38":{"start":{"line":77,"column":8},"end":{"line":77,"column":73}},"39":{"start":{"line":78,"column":8},"end":{"line":78,"column":25}},"40":{"start":{"line":79,"column":8},"end":{"line":79,"column":30}},"41":{"start":{"line":84,"column":2},"end":{"line":84,"column":19}},"42":{"start":{"line":67,"column":0},"end":{"line":67,"column":16}},"43":{"start":{"line":96,"column":23},"end":{"line":96,"column":69}},"44":{"start":{"line":97,"column":2},"end":{"line":97,"column":19}},"45":{"start":{"line":99,"column":17},"end":{"line":101,"column":46}},"46":{"start":{"line":101,"column":19},"end":{"line":101,"column":45}},"47":{"start":{"line":103,"column":16},"end":{"line":103,"column":39}},"48":{"start":{"line":105,"column":18},"end":{"line":105,"column":80}},"49":{"start":{"line":106,"column":22},"end":{"line":106,"column":84}},"50":{"start":{"line":108,"column":2},"end":{"line":111,"column":null}},"51":{"start":{"line":108,"column":19},"end":{"line":108,"column":20}},"52":{"start":{"line":109,"column":4},"end":{"line":109,"column":32}},"53":{"start":{"line":110,"column":4},"end":{"line":110,"column":27}},"54":{"start":{"line":113,"column":14},"end":{"line":113,"column":15}},"55":{"start":{"line":114,"column":16},"end":{"line":114,"column":18}},"56":{"start":{"line":116,"column":2},"end":{"line":125,"column":null}},"57":{"start":{"line":116,"column":15},"end":{"line":116,"column":16}},"58":{"start":{"line":117,"column":4},"end":{"line":124,"column":null}},"59":{"start":{"line":117,"column":17},"end":{"line":117,"column":18}},"60":{"start":{"line":118,"column":6},"end":{"line":122,"column":null}},"61":{"start":{"line":119,"column":8},"end":{"line":119,"column":29}},"62":{"start":{"line":120,"column":8},"end":{"line":120,"column":26}},"63":{"start":{"line":121,"column":8},"end":{"line":121,"column":31}},"64":{"start":{"line":123,"column":6},"end":{"line":123,"column":17}},"65":{"start":{"line":127,"column":2},"end":{"line":127,"column":56}},"66":{"start":{"line":129,"column":2},"end":{"line":129,"column":26}},"67":{"start":{"line":131,"column":2},"end":{"line":131,"column":37}},"68":{"start":{"line":133,"column":2},"end":{"line":133,"column":21}},"69":{"start":{"line":92,"column":0},"end":{"line":92,"column":16}}},"fnMap":{"0":{"name":"printMatrix","decl":{"start":{"line":10,"column":16},"end":{"line":10,"column":27}},"loc":{"start":{"line":10,"column":56},"end":{"line":24,"column":1}}},"1":{"name":"createGraph","decl":{"start":{"line":31,"column":16},"end":{"line":31,"column":27}},"loc":{"start":{"line":31,"column":52},"end":{"line":58,"column":1}}},"2":{"name":"(anonymous_2)","decl":{"start":{"line":33,"column":4},"end":{"line":33,"column":7}},"loc":{"start":{"line":33,"column":10},"end":{"line":33,"column":12}}},"3":{"name":"bfs","decl":{"start":{"line":67,"column":16},"end":{"line":67,"column":19}},"loc":{"start":{"line":71,"column":19},"end":{"line":85,"column":1}}},"4":{"name":"(anonymous_4)","decl":{"start":{"line":75,"column":24},"end":{"line":75,"column":25}},"loc":{"start":{"line":75,"column":33},"end":{"line":81,"column":5}}},"5":{"name":"buildMatrix","decl":{"start":{"line":92,"column":16},"end":{"line":92,"column":27}},"loc":{"start":{"line":92,"column":69},"end":{"line":134,"column":1}}},"6":{"name":"(anonymous_6)","decl":{"start":{"line":101,"column":9},"end":{"line":101,"column":10}},"loc":{"start":{"line":101,"column":19},"end":{"line":101,"column":45}}}},"branchMap":{"0":{"loc":{"start":{"line":17,"column":4},"end":{"line":20,"column":null}},"type":"if","locations":[{"start":{"line":17,"column":4},"end":{"line":20,"column":null}}]},"1":{"loc":{"start":{"line":38,"column":6},"end":{"line":51,"column":null}},"type":"if","locations":[{"start":{"line":38,"column":6},"end":{"line":51,"column":null}},{"start":{"line":43,"column":13},"end":{"line":51,"column":null}}]},"2":{"loc":{"start":{"line":39,"column":8},"end":{"line":42,"column":null}},"type":"if","locations":[{"start":{"line":39,"column":8},"end":{"line":42,"column":null}}]},"3":{"loc":{"start":{"line":43,"column":13},"end":{"line":51,"column":null}},"type":"if","locations":[{"start":{"line":43,"column":13},"end":{"line":51,"column":null}},{"start":{"line":46,"column":13},"end":{"line":51,"column":null}}]},"4":{"loc":{"start":{"line":76,"column":6},"end":{"line":80,"column":null}},"type":"if","locations":[{"start":{"line":76,"column":6},"end":{"line":80,"column":null}}]},"5":{"loc":{"start":{"line":118,"column":6},"end":{"line":122,"column":null}},"type":"if","locations":[{"start":{"line":118,"column":6},"end":{"line":122,"column":null}}]}},"s":{"0":2,"1":4,"2":4,"3":4,"4":4,"5":4,"6":4,"7":15,"8":15,"9":6,"10":6,"11":15,"12":2,"13":4,"14":132496,"15":4,"16":4,"17":4,"18":6,"19":6,"20":12,"21":6,"22":3,"23":3,"24":6,"25":3,"26":3,"27":3,"28":3,"29":3,"30":3,"31":12,"32":4,"33":2,"34":4,"35":12,"36":12,"37":24,"38":9,"39":9,"40":9,"41":4,"42":2,"43":3,"44":3,"45":3,"46":4,"47":3,"48":3,"49":3,"50":3,"51":3,"52":99372,"53":99372,"54":3,"55":3,"56":3,"57":3,"58":4,"59":4,"60":8,"61":2,"62":2,"63":2,"64":8,"65":3,"66":3,"67":3,"68":3,"69":2},"f":{"0":4,"1":4,"2":132496,"3":4,"4":24,"5":3,"6":4},"b":{"0":[6],"1":[6,6],"2":[3],"3":[3,3],"4":[9],"5":[2]}}
}
