TN:
SF:src/app.ts
FN:4,app
FNF:1
FNH:1
FNDA:1,app
DA:1,1
DA:2,1
DA:4,1
DA:6,1
DA:8,1
DA:11,1
DA:12,2
LF:7
LH:7
BRF:0
BRH:0
end_of_record
TN:
SF:src/const.ts
FNF:0
FNH:0
DA:1,2
LF:1
LH:1
BRF:0
BRH:0
end_of_record
TN:
SF:src/libs/input.ts
FN:7,prompt
FNF:1
FNH:1
FNDA:1,prompt
DA:1,2
DA:7,2
DA:8,1
DA:10,1
DA:14,1
DA:16,1
DA:17,13
DA:18,13
DA:20,13
DA:23,13
DA:24,2
DA:25,1
DA:27,1
DA:32,1
LF:14
LH:14
BRDA:18,0,0,1
BRDA:23,1,0,2
BRDA:23,2,0,13
BRDA:23,2,1,11
BRDA:24,3,0,1
BRDA:24,3,1,1
BRF:6
BRH:6
end_of_record
TN:
SF:src/libs/matrix.ts
FN:10,printMatrix
FN:31,createGraph
FN:33,(anonymous_2)
FN:67,bfs
FN:75,(anonymous_4)
FN:92,buildMatrix
FN:101,(anonymous_6)
FNF:7
FNH:7
FNDA:4,printMatrix
FNDA:4,createGraph
FNDA:132496,(anonymous_2)
FNDA:4,bfs
FNDA:24,(anonymous_4)
FNDA:3,buildMatrix
FNDA:4,(anonymous_6)
DA:1,2
DA:10,2
DA:11,4
DA:12,4
DA:13,4
DA:14,4
DA:15,4
DA:16,15
DA:17,15
DA:18,6
DA:19,6
DA:22,15
DA:31,2
DA:32,4
DA:33,132496
DA:35,4
DA:36,4
DA:37,6
DA:38,12
DA:39,6
DA:40,3
DA:41,3
DA:43,6
DA:44,3
DA:45,3
DA:47,3
DA:48,3
DA:49,3
DA:50,3
DA:53,12
DA:57,4
DA:67,2
DA:73,4
DA:74,12
DA:75,12
DA:76,24
DA:77,9
DA:78,9
DA:79,9
DA:84,4
DA:92,2
DA:96,3
DA:97,3
DA:99,3
DA:101,4
DA:103,3
DA:105,3
DA:106,3
DA:108,3
DA:109,99372
DA:110,99372
DA:113,3
DA:114,3
DA:116,3
DA:117,4
DA:118,8
DA:119,2
DA:120,2
DA:121,2
DA:123,8
DA:127,3
DA:129,3
DA:131,3
DA:133,3
LF:64
LH:64
BRDA:17,0,0,6
BRDA:38,1,0,6
BRDA:38,1,1,6
BRDA:39,2,0,3
BRDA:43,3,0,3
BRDA:43,3,1,3
BRDA:76,4,0,9
BRDA:118,5,0,2
BRF:8
BRH:8
end_of_record
